[debug] [2020-09-18T07:14:28.305Z] ----------------------------------------------------------------------
[debug] [2020-09-18T07:14:28.312Z] Command:       C:\Program Files\nodejs\node.exe C:\Users\User\AppData\Roaming\npm\node_modules\firebase-tools\lib\bin\firebase.js login
[debug] [2020-09-18T07:14:28.313Z] CLI Version:   8.10.0
[debug] [2020-09-18T07:14:28.313Z] Platform:      win32
[debug] [2020-09-18T07:14:28.313Z] Node Version:  v12.18.3
[debug] [2020-09-18T07:14:28.316Z] Time:          Fri Sep 18 2020 14:14:28 GMT+0700 (Indochina Time)
[debug] [2020-09-18T07:14:28.317Z] ----------------------------------------------------------------------
[debug] [2020-09-18T07:14:28.317Z] 
[info] i  Firebase optionally collects CLI usage and error reporting information to help improve our products. Data is collected in accordance with Google's privacy policy (https://policies.google.com/privacy) and is not used to identify you.
 
[info] i  To change your data collection preference at any time, run `firebase logout` and log in again. 
[info] 
[info] Visit this URL on this device to log in:
[info] https://accounts.google.com/o/oauth2/auth?client_id=563584335869-fgrhgmd47bqnekij5i8b5pr03ho849e6.apps.googleusercontent.com&scope=email%20openid%20https%3A%2F%2Fwww.googleapis.com%2Fauth%2Fcloudplatformprojects.readonly%20https%3A%2F%2Fwww.googleapis.com%2Fauth%2Ffirebase%20https%3A%2F%2Fwww.googleapis.com%2Fauth%2Fcloud-platform&response_type=code&state=303300502&redirect_uri=http%3A%2F%2Flocalhost%3A9005
[info] 
[info] Waiting for authentication...
[debug] [2020-09-18T07:14:31.021Z] Error: spawn cmd ENOENT
    at Process.ChildProcess._handle.onexit (internal/child_process.js:267:19)
    at onErrorNT (internal/child_process.js:469:16)
    at processTicksAndRejections (internal/process/task_queues.js:84:21)
[error] 
[error] Error: An unexpected error has occurred.
[debug] [2020-09-18T07:15:29.119Z] ----------------------------------------------------------------------
[debug] [2020-09-18T07:15:29.127Z] Command:       C:\Program Files\nodejs\node.exe C:\Users\User\AppData\Roaming\npm\node_modules\firebase-tools\lib\bin\firebase.js login
[debug] [2020-09-18T07:15:29.130Z] CLI Version:   8.10.0
[debug] [2020-09-18T07:15:29.130Z] Platform:      win32
[debug] [2020-09-18T07:15:29.130Z] Node Version:  v12.18.3
[debug] [2020-09-18T07:15:29.133Z] Time:          Fri Sep 18 2020 14:15:29 GMT+0700 (Indochina Time)
[debug] [2020-09-18T07:15:29.134Z] ----------------------------------------------------------------------
[debug] [2020-09-18T07:15:29.134Z] 
[info] i  Firebase optionally collects CLI usage and error reporting information to help improve our products. Data is collected in accordance with Google's privacy policy (https://policies.google.com/privacy) and is not used to identify you.
 
[info] i  To change your data collection preference at any time, run `firebase logout` and log in again. 
[info] 
[info] Visit this URL on this device to log in:
[info] https://accounts.google.com/o/oauth2/auth?client_id=563584335869-fgrhgmd47bqnekij5i8b5pr03ho849e6.apps.googleusercontent.com&scope=email%20openid%20https%3A%2F%2Fwww.googleapis.com%2Fauth%2Fcloudplatformprojects.readonly%20https%3A%2F%2Fwww.googleapis.com%2Fauth%2Ffirebase%20https%3A%2F%2Fwww.googleapis.com%2Fauth%2Fcloud-platform&response_type=code&state=767378954&redirect_uri=http%3A%2F%2Flocalhost%3A9005
[info] 
[info] Waiting for authentication...
[debug] [2020-09-18T07:15:32.996Z] Error: spawn cmd ENOENT
    at Process.ChildProcess._handle.onexit (internal/child_process.js:267:19)
    at onErrorNT (internal/child_process.js:469:16)
    at processTicksAndRejections (internal/process/task_queues.js:84:21)
[error] 
[error] Error: An unexpected error has occurred.
[debug] [2020-09-18T07:19:51.193Z] ----------------------------------------------------------------------
[debug] [2020-09-18T07:19:51.200Z] Command:       C:\Program Files\nodejs\node.exe C:\Users\User\AppData\Roaming\npm\node_modules\firebase-tools\lib\bin\firebase.js login
[debug] [2020-09-18T07:19:51.201Z] CLI Version:   8.10.0
[debug] [2020-09-18T07:19:51.201Z] Platform:      win32
[debug] [2020-09-18T07:19:51.202Z] Node Version:  v12.18.3
[debug] [2020-09-18T07:19:51.205Z] Time:          Fri Sep 18 2020 14:19:51 GMT+0700 (Indochina Time)
[debug] [2020-09-18T07:19:51.207Z] ----------------------------------------------------------------------
[debug] [2020-09-18T07:19:51.207Z] 
[info] i  Firebase optionally collects CLI usage and error reporting information to help improve our products. Data is collected in accordance with Google's privacy policy (https://policies.google.com/privacy) and is not used to identify you.
 
[info] i  To change your data collection preference at any time, run `firebase logout` and log in again. 
[info] 
[info] Visit this URL on this device to log in:
[info] https://accounts.google.com/o/oauth2/auth?client_id=563584335869-fgrhgmd47bqnekij5i8b5pr03ho849e6.apps.googleusercontent.com&scope=email%20openid%20https%3A%2F%2Fwww.googleapis.com%2Fauth%2Fcloudplatformprojects.readonly%20https%3A%2F%2Fwww.googleapis.com%2Fauth%2Ffirebase%20https%3A%2F%2Fwww.googleapis.com%2Fauth%2Fcloud-platform&response_type=code&state=521014622&redirect_uri=http%3A%2F%2Flocalhost%3A9005
[info] 
[info] Waiting for authentication...
[debug] [2020-09-18T07:19:54.620Z] Error: spawn cmd ENOENT
    at Process.ChildProcess._handle.onexit (internal/child_process.js:267:19)
    at onErrorNT (internal/child_process.js:469:16)
    at processTicksAndRejections (internal/process/task_queues.js:84:21)
[error] 
[error] Error: An unexpected error has occurred.
